[12-Dec-2024 01:33:35 UTC] PHP Fatal error:  Uncaught TypeError: count(): Argument #1 ($value) must be of type Countable|array, string given in /var/www/app/Roteamento/Roteador.php:394
Stack trace:
#0 /var/www/app/Roteamento/Roteador.php(394): count('padrao.localhos...')
#1 /var/www/app/Roteamento/Roteador.php(49): app\Roteamento\Roteador->recuperarSubdominio()
#2 /var/www/html/index.php(15): app\Roteamento\Roteador->rotear()
#3 {main}
  thrown in /var/www/app/Roteamento/Roteador.php on line 394
[12-Dec-2024 01:33:36 UTC] PHP Fatal error:  Uncaught TypeError: count(): Argument #1 ($value) must be of type Countable|array, string given in /var/www/app/Roteamento/Roteador.php:394
Stack trace:
#0 /var/www/app/Roteamento/Roteador.php(394): count('padrao.localhos...')
#1 /var/www/app/Roteamento/Roteador.php(49): app\Roteamento\Roteador->recuperarSubdominio()
#2 /var/www/html/index.php(15): app\Roteamento\Roteador->rotear()
#3 {main}
  thrown in /var/www/app/Roteamento/Roteador.php on line 394
[12-Dec-2024 01:57:24 UTC] PHP Deprecated:  Creation of dynamic property app\Roteamento\Roteador::$empresa is deprecated in /var/www/app/Roteamento/Roteador.php on line 37
[12-Dec-2024 01:57:24 UTC] PHP Deprecated:  Creation of dynamic property app\Roteamento\Roteador::$empresa is deprecated in /var/www/app/Roteamento/Roteador.php on line 37
[12-Dec-2024 02:07:27 UTC] PHP Warning:  http_response_code(): Cannot set response code - headers already sent (output started at /var/www/app/Helpers/funcoes.php:12) in /var/www/app/Controllers/PaginaErroController.php on line 17
[12-Dec-2024 05:01:01 UTC] PHP Warning:  session_start(): Unable to clear session lock record in /var/www/app/Core/SessaoUsuario.php on line 38
[12-Dec-2024 05:01:01 UTC] PHP Warning:  session_start(): Unable to clear session lock record in /var/www/app/Core/SessaoUsuario.php on line 38
[12-Dec-2024 05:01:01 UTC] PHP Warning:  session_start(): Failed to read session data: memcached (path: memcached:11211) in /var/www/app/Core/SessaoUsuario.php on line 38
[12-Dec-2024 05:01:01 UTC] PHP Warning:  session_start(): Failed to read session data: memcached (path: memcached:11211) in /var/www/app/Core/SessaoUsuario.php on line 38
[12-Dec-2024 05:01:01 UTC] PHP Warning:  session_start(): Unable to clear session lock record in /var/www/app/Core/SessaoUsuario.php on line 38
[12-Dec-2024 05:01:01 UTC] PHP Warning:  session_start(): Failed to read session data: memcached (path: memcached:11211) in /var/www/app/Core/SessaoUsuario.php on line 38
[12-Dec-2024 05:29:48 UTC] PHP Fatal error:  Uncaught TypeError: app\Models\DashboardCadastroModel::gerarUsuarioSuporte(): Return value must be of type array, string returned in /var/www/app/Models/DashboardCadastroModel.php:365
Stack trace:
#0 /var/www/app/Controllers/DashboardCadastroController.php(65): app\Models\DashboardCadastroModel->gerarUsuarioSuporte(Array)
#1 /var/www/app/Roteamento/Roteador.php(246): app\Controllers\DashboardCadastroController->adicionar()
#2 /var/www/app/Roteamento/Roteador.php(63): app\Roteamento\Roteador->acessarRota()
#3 /var/www/html/index.php(15): app\Roteamento\Roteador->rotear()
#4 {main}
  thrown in /var/www/app/Models/DashboardCadastroModel.php on line 365
[12-Dec-2024 06:00:58 UTC] PHP Fatal error:  Uncaught Error: Undefined constant "HOST_LOCAL" in /var/www/app/Config/app.php:18
Stack trace:
#0 /var/www/vendor/composer/autoload_real.php(41): require()
#1 /var/www/vendor/composer/autoload_real.php(45): {closure}('172a5387b05fa8f...', '/var/www/vendor...')
#2 /var/www/vendor/autoload.php(25): ComposerAutoloaderInit86860897b725342a598e52c3c04c14d5::getLoader()
#3 /var/www/html/index.php(2): require('/var/www/vendor...')
#4 {main}
  thrown in /var/www/app/Config/app.php on line 18
[12-Dec-2024 06:00:58 UTC] PHP Fatal error:  Uncaught Error: Undefined constant "HOST_LOCAL" in /var/www/app/Config/app.php:18
Stack trace:
#0 /var/www/vendor/composer/autoload_real.php(41): require()
#1 /var/www/vendor/composer/autoload_real.php(45): {closure}('172a5387b05fa8f...', '/var/www/vendor...')
#2 /var/www/vendor/autoload.php(25): ComposerAutoloaderInit86860897b725342a598e52c3c04c14d5::getLoader()
#3 /var/www/html/index.php(2): require('/var/www/vendor...')
#4 {main}
  thrown in /var/www/app/Config/app.php on line 18
[12-Dec-2024 06:27:14 UTC] PHP Deprecated:  trim(): Passing null to parameter #1 ($string) of type string is deprecated in /var/www/app/Roteamento/Roteador.php on line 562
[12-Dec-2024 06:38:53 UTC] PHP Fatal error:  Uncaught Error: Call to a member function buscar() on null in /var/www/app/Core/Cache.php:220
Stack trace:
#0 /var/www/app/Roteamento/Roteador.php(246): app\Core\Cache::resetarCacheSemId()
#1 /var/www/app/Roteamento/Roteador.php(63): app\Roteamento\Roteador->acessarRota()
#2 /var/www/html/index.php(15): app\Roteamento\Roteador->rotear()
#3 {main}
  thrown in /var/www/app/Core/Cache.php on line 220
[12-Dec-2024 06:40:01 UTC] PHP Fatal error:  Uncaught Error: Call to a member function buscar() on null in /var/www/app/Core/Cache.php:220
Stack trace:
#0 /var/www/app/Roteamento/Roteador.php(246): app\Core\Cache::resetarCacheSemId()
#1 /var/www/app/Roteamento/Roteador.php(63): app\Roteamento\Roteador->acessarRota()
#2 /var/www/html/index.php(15): app\Roteamento\Roteador->rotear()
#3 {main}
  thrown in /var/www/app/Core/Cache.php on line 220
[12-Dec-2024 06:41:09 UTC] PHP Fatal error:  Uncaught Error: Call to a member function buscar() on null in /var/www/app/Core/Cache.php:220
Stack trace:
#0 /var/www/app/Roteamento/Roteador.php(246): app\Core\Cache::resetarCacheSemId()
#1 /var/www/app/Roteamento/Roteador.php(63): app\Roteamento\Roteador->acessarRota()
#2 /var/www/html/index.php(15): app\Roteamento\Roteador->rotear()
#3 {main}
  thrown in /var/www/app/Core/Cache.php on line 220
